<?xml version="1.0" encoding="UTF-8"?>
<AttributeFilterPolicyGroup id="ShibbolethFilterPolicy"
        xmlns="urn:mace:shibboleth:2.0:afp"
        xmlns:xsi="http://www.w3.org/2001/XMLSchema-instance"
        xsi:schemaLocation="urn:mace:shibboleth:2.0:afp http://shibboleth.net/schema/idp/shibboleth-afp.xsd">

    <AttributeFilterPolicy id="test-policy">
        <PolicyRequirementRule xsi:type="OR">
            <Rule xsi:type="Requester" value="https://test.example.org/" />
            <Rule xsi:type="Requester" value="https://alt-username.example.org/" />
            <Rule xsi:type="Requester" value="https://no-attrs.example.org/" />
        </PolicyRequirementRule>

        <AttributeRule attributeID="eduPersonPrincipalName">
            <PermitValueRule xsi:type="ANY" />
        </AttributeRule>

        <AttributeRule attributeID="uid">
            <PermitValueRule xsi:type="ANY" />
        </AttributeRule>

        <AttributeRule attributeID="mail">
            <PermitValueRule xsi:type="ANY" />
        </AttributeRule>
    </AttributeFilterPolicy>

</AttributeFilterPolicyGroup>
