<flow xmlns="http://www.springframework.org/schema/webflow"
      xmlns:xsi="http://www.w3.org/2001/XMLSchema-instance"
      xsi:schemaLocation="http://www.springframework.org/schema/webflow http://www.springframework.org/schema/webflow/spring-webflow.xsd">

    <on-start>
        <evaluate expression="InitializeProfileRequestContext" />
    </on-start>

    <action-state id="GotoEnd">
        <evaluate expression="'proceed'" />        
        <transition on="proceed" to="end" />
    </action-state>

    <end-state id="end" />
    
    <bean-import resource="test-flow-loads-beans.xml" />

</flow>
